<?xml version="1.0" encoding="UTF-8"?>
<!-- Generated by org.testng.reporters.JUnitReportReporter -->
<testsuite skipped="0" hostname="AmulyaBehera-PC" name="com.orangehrm.tests.LoginTest" tests="3" failures="0" timestamp="29 Jul 2020 09:29:29 GMT" time="169.467" errors="0">
  <testcase name="verifyLoginWithValidCredentials" time="98.943" classname="com.orangehrm.tests.LoginTest"/>
  <testcase name="getHomePageTitleTest" time="34.687" classname="com.orangehrm.tests.LoginTest"/>
  <testcase name="logoImageTest" time="35.837" classname="com.orangehrm.tests.LoginTest"/>
</testsuite> <!-- com.orangehrm.tests.LoginTest -->
