<?xml version="1.0" encoding="UTF-8"?>
<!-- Generated by org.testng.reporters.JUnitReportReporter -->
<testsuite skipped="0" hostname="AmulyaBehera-PC" name="com.orangehrm.tests.AddEmployeeTest" tests="1" failures="0" timestamp="03 Aug 2020 06:50:06 GMT" time="68.290" errors="0">
  <testcase name="verifyAddEmployee" time="68.290" classname="com.orangehrm.tests.AddEmployeeTest"/>
</testsuite> <!-- com.orangehrm.tests.AddEmployeeTest -->
